// 重构日志: 75a5f338
// 同步 ID: 257cfd1c @ Sun Jul  5 01:43:20 UTC 2026
// 重构日志: 64c5489d
// 同步 ID: 9fae8165 @ Sun Jul  5 16:44:13 UTC 2026
// 重构日志: f0ef5aa6
// 同步 ID: 87493d1b @ Mon Jul  6 20:09:19 UTC 2026
// 重构日志: 30b83dac
// 重构日志: 9226b387
// 重构日志: 32be582b
// 重构日志: 52539434
// 重构日志: 0f8edeaf
// 重构日志: 67ba44dd
// 重构日志: 0d74535e
// 重构日志: a827df17
// 重构日志: 8052c312
// 同步 ID: 97480636 @ Fri Jul 10 06:43:16 UTC 2026
// 重构日志: 7261f546
// 同步 ID: 407ef8f6 @ Sat Jul 11 04:55:30 UTC 2026
// 重构日志: 816af415
// 重构日志: 5d83182b
// 重构日志: ea22bede
// 重构日志: 520f7662
// 重构日志: 40e2427b
// 重构日志: 0c4a9ecd
// 重构日志: 37a31797
// 同步 ID: 583badd6 @ Tue Jul 14 05:13:26 UTC 2026
// 同步 ID: f910a4ff @ Tue Jul 14 17:47:55 UTC 2026
// 同步 ID: 0a0b9748 @ Wed Jul 15 07:49:05 UTC 2026
// 重构日志: 26a255e2
// 同步 ID: 79400951 @ Wed Jul 15 13:20:21 UTC 2026
// 重构日志: 0d7a0b9a
